<h5 job-result="FAILURE"><a href="http://test-1-4/job/test-portal-acceptance-pullrequest-batch(master)/40031/">test-portal-acceptance-pullrequest-batch(master)</a></h5><h6>Job Results:</h6><p>1 Test Passed.<br />4 Tests Failed.</p><ol><li><strong><a href="https://test-1-4.liferay.com/job/test-portal-acceptance-pullrequest-batch%28master%29/AXIS_VARIABLE=0,label_exp=!master/40031/">test-portal-acceptance-pullrequest-batch&#40;master&#41; &raquo; 0,!master #40031</a></strong><pre><code>     \[exec\]         at java\.lang\.reflect\.Method\.invoke\(Method\.java:497\)
     \[exec\]         at org\.gradle\.internal\.dispatch\.ReflectionDispatch\.dispatch\(ReflectionDispatch\.java:35\)
     \[exec\]         at org\.gradle\.internal\.dispatch\.ReflectionDispatch\.dispatch\(ReflectionDispatch\.java:24\)
     \[exec\]         at org\.gradle\.internal\.dispatch\.ContextClassLoaderDispatch\.dispatch\(ContextClassLoaderDispatch\.java:32\)
     \[exec\]         at org\.gradle\.internal\.dispatch\.ProxyDispatchAdapter$DispatchingInvocationHandler\.invoke\(ProxyDispatchAdapter\.java:93\)
     \[exec\]         at com\.sun\.proxy\.$Proxy2\.processTestClass\(Unknown Source\)
     \[exec\]         at org\.gradle\.api\.internal\.tasks\.testing\.worker\.TestWorker\.processTestClass\(TestWorker\.java:109\)
     \[exec\]         at sun\.reflect\.NativeMethodAccessorImpl\.invoke0\(Native Method\)
     \[exec\]         at sun\.reflect\.NativeMethodAccessorImpl\.invoke\(NativeMethodAccessorImpl\.java:62\)
     \[exec\]         at sun\.reflect\.DelegatingMethodAccessorImpl\.invoke\(DelegatingMethodAccessorImpl\.java:43\)
     \[exec\]         at java\.lang\.reflect\.Method\.invoke\(Method\.java:497\)
     \[exec\]         at org\.gradle\.internal\.dispatch\.ReflectionDispatch\.dispatch\(ReflectionDispatch\.java:35\)
     \[exec\]         at org\.gradle\.internal\.dispatch\.ReflectionDispatch\.dispatch\(ReflectionDispatch\.java:24\)
     \[exec\]         at org\.gradle\.internal\.remote\.internal\.hub\.MessageHub$Handler\.run\(MessageHub\.java:377\)
     \[exec\]         at org\.gradle\.internal\.concurrent\.ExecutorPolicy$CatchAndRecordFailures\.onExecute\(ExecutorPolicy\.java:54\)
     \[exec\]         at org\.gradle\.internal\.concurrent\.StoppableExecutorImpl$1\.run\(StoppableExecutorImpl\.java:40\)
     \[exec\]         at java\.util\.concurrent\.ThreadPoolExecutor\.runWorker\(ThreadPoolExecutor\.java:1142\)
     \[exec\]         at java\.util\.concurrent\.ThreadPoolExecutor$Worker\.run\(ThreadPoolExecutor\.java:617\)
     \[exec\]         at java\.lang\.Thread\.run\(Thread\.java:745\)
     \[exec\] 
     \[exec\] com\.liferay\.source\.formatter\.SourceFormatterTest > testFileNameWithIncorrectExtension STARTED
     \[exec\] 
     \[exec\] com\.liferay\.source\.formatter\.SourceFormatterTest > testFileNameWithIncorrectExtension PASSED
     \[exec\] 
     \[exec\] 2 tests completed, 1 failed
     \[exec\] There were failing tests\. See the report at: file:///opt/dev/projects/github/liferay\-portal/modules/util/source\-formatter/build/reports/tests/test/index\.html</code></pre></li><li><strong><a href="https://test-1-4.liferay.com/job/test-portal-acceptance-pullrequest-batch%28master%29/AXIS_VARIABLE=2,label_exp=!master/40031/">test-portal-acceptance-pullrequest-batch&#40;master&#41; &raquo; 2,!master #40031</a></strong><pre><code>     \[exec\]     \[Whip\] com\.liferay\.portal\.cluster\.multiple\.internal\.ClusterMasterExecutorImpl is fully covered\.
     \[exec\]     \[Whip\] com\.liferay\.portal\.cluster\.multiple\.internal\.ClusterMasterExecutorImpl$ClusterMasterTokenClusterEventListener is fully covered\.
     \[exec\] :private:apps:foundation:portal:portal\-dao\-db:compileJava
     \[exec\] :private:apps:foundation:portal:portal\-dao\-db:buildCSS UP\-TO\-DATE
     \[exec\] :private:apps:foundation:portal:portal\-dao\-db:processResources UP\-TO\-DATE
     \[exec\] :private:apps:foundation:portal:portal\-dao\-db:transpileJS SKIPPED
     \[exec\] :private:apps:foundation:portal:portal\-dao\-db:configJSModules SKIPPED
     \[exec\] :private:apps:foundation:portal:portal\-dao\-db:copyLibs SKIPPED
     \[exec\] :private:apps:foundation:portal:portal\-dao\-db:replaceSoyTranslation UP\-TO\-DATE
     \[exec\] :private:apps:foundation:portal:portal\-dao\-db:classes
     \[exec\] :private:apps:foundation:portal:portal\-dao\-db:compileTestJava
     \[exec\] :private:apps:foundation:portal:portal\-dao\-db:processTestResources UP\-TO\-DATE
     \[exec\] :private:apps:foundation:portal:portal\-dao\-db:testClasses
     \[exec\] :private:apps:foundation:portal:portal\-dao\-db:test
     \[exec\] 
     \[exec\] com\.liferay\.portal\.dao\.db\.SybaseDBTest STANDARD\_OUT
     \[exec\]     Loading file:/opt/dev/projects/github/liferay\-portal/portal\-impl/classes/system\.properties
     \[exec\]     Loading jar:file:/opt/dev/projects/github/liferay\-portal/bundles/tomcat\-8\.0\.32/webapps/ROOT/WEB\-INF/lib/portal\-impl\.jar\!/system\.properties
     \[exec\]     Loading file:/opt/dev/projects/github/liferay\-portal/bundles/tomcat\-8\.0\.32/webapps/ROOT/WEB\-INF/classes/system\-ext\.properties
     \[exec\] 
     \[exec\] com\.liferay\.portal\.dao\.db\.SybaseDBTest > testRewordRenameTable STARTED
     \[exec\] 
     \[exec\] com\.liferay\.portal\.dao\.db\.SybaseDBTest > testRewordRenameTable PASSED
     \[exec\] 
     \[exec\] com\.liferay\.portal\.dao\.db\.SybaseDBTest > testReplaceTemplate STARTED
     \[exec\] 
     \[exec\] com\.liferay\.portal\.dao\.db\.SybaseDBTest > testReplaceTemplate PASSED
     \[exec\] 
     \[exec\] BUILD SUCCESSFUL
     \[exec\] 
     \[exec\] Total time: 10 mins 41\.217 secs
     \[exec\] 
     \[echo\] 
      \[get\] Getting: http://test\-1\-4/job/test\-portal\-acceptance\-pullrequest\-batch\(master\)/AXIS\_VARIABLE=2,label\_exp=\!master/40031//consoleText
      \[get\] To: /opt/dev/projects/github/liferay\-portal/20160919031714951\.txt
   \[delete\] Deleting: /opt/dev/projects/github/liferay\-portal/20160919031714951\.txt</code></pre></li><li><strong><a href="https://test-1-4.liferay.com/job/test-portal-acceptance-pullrequest-batch%28master%29/AXIS_VARIABLE=3,label_exp=!master/40031/">test-portal-acceptance-pullrequest-batch&#40;master&#41; &raquo; 3,!master #40031</a></strong><pre><code>     \[exec\] 
     \[exec\] com\.liferay\.sync\.engine\.file\.system\.listener\.SyncSiteWatchEventListenerTest > testWatchEvent2 PASSED
     \[exec\] :private:util:portal\-tools\-data\-partitioning\-sql\-builder\-sqlserver:compileJava FAILED
     \[exec\] /opt/dev/projects/github/liferay\-portal/modules/private/util/portal\-tools\-data\-partitioning\-sql\-builder\-sqlserver/src/main/java/com/liferay/portal/tools/data/partitioning/sql/builder/sqlserver/exporter/SQLServerDataPartitioningExporter\.java:47: error: method does not override or implement a method from a supertype
     \[exec\] 	@Override
     \[exec\] 	^
     \[exec\] /opt/dev/projects/github/liferay\-portal/modules/private/util/portal\-tools\-data\-partitioning\-sql\-builder\-sqlserver/src/main/java/com/liferay/portal/tools/data/partitioning/sql/builder/sqlserver/exporter/SQLServerDataPartitioningExporter\.java:70: error: method does not override or implement a method from a supertype
     \[exec\] 	@Override
     \[exec\] 	^
     \[exec\] /opt/dev/projects/github/liferay\-portal/modules/private/util/portal\-tools\-data\-partitioning\-sql\-builder\-sqlserver/src/main/java/com/liferay/portal/tools/data/partitioning/sql/builder/sqlserver/exporter/SQLServerDataPartitioningExporter\.java:83: error: cannot find symbol
     \[exec\] 			sb\.append\(formatDateTime\(field\)\);
     \[exec\] 			          ^
     \[exec\]   symbol:   method formatDateTime\(Object\)
     \[exec\]   location: class SQLServerDataPartitioningExporter
     \[exec\] 3 errors
     \[exec\] 
     \[exec\] FAILURE: Build failed with an exception\.
     \[exec\] 
     \[exec\] \* What went wrong:
     \[exec\] Execution failed for task ':private:util:portal\-tools\-data\-partitioning\-sql\-builder\-sqlserver:compileJava'\.
     \[exec\] > Compilation failed; see the compiler error output for details\.
     \[exec\] 
     \[exec\] \* Try:
     \[exec\] Run with \-\-info or \-\-debug option to get more log output\.
     \[exec\] 
     \[exec\] \* Exception is:
     \[exec\] org\.gradle\.api\.tasks\.TaskExecutionException: Execution failed for task ':private:util:portal\-tools\-data\-partitioning\-sql\-builder\-sqlserver:compileJava'\.
     \[exec\] 	at org\.gradle\.api\.internal\.tasks\.execution\.ExecuteActionsTaskExecuter\.executeActions\(ExecuteActionsTaskExecuter\.java:69\)
     \[exec\] 	at org\.gradle\.api\.internal\.tasks\.execution\.ExecuteActionsTaskExecuter\.execute\(ExecuteActionsTaskExecuter\.java:46\)
     \[exec\] 	at org\.gradle\.api\.internal\.tasks\.execution\.PostExecutionAnalysisTaskExecuter\.execute\(PostExecutionAnalysisTaskExecuter\.java:35\)</code></pre></li></ol>